2023-12-09 06:31:44.603+0000 INFO  Logging config in use: File '/var/lib/neo4j/conf/user-logs.xml'
2023-12-09 06:31:44.619+0000 INFO  Starting...
2023-12-09 06:31:45.071+0000 INFO  This instance is ServerId{a20c449d} (a20c449d-1b73-40b6-93de-39a98330abea)
2023-12-09 06:31:45.388+0000 INFO  ======== Neo4j 5.14.0 ========
2023-12-09 06:31:46.613+0000 INFO  Bolt enabled on 0.0.0.0:7687.
2023-12-09 06:31:46.934+0000 INFO  HTTP enabled on 0.0.0.0:7474.
2023-12-09 06:31:46.934+0000 INFO  Remote interface available at http://localhost:7474/
2023-12-09 06:31:46.936+0000 INFO  id: 8F509F0C17E3359B036A7D6584F3272AB78054644A52C713226F0F1A06BED59B
2023-12-09 06:31:46.936+0000 INFO  name: system
2023-12-09 06:31:46.937+0000 INFO  creationDate: 2023-12-09T06:31:45.687Z
2023-12-09 06:31:46.937+0000 INFO  Started.
2023-12-09 06:39:07.508+0000 INFO  Neo4j Server shutdown initiated by request
2023-12-09 06:39:07.510+0000 INFO  Stopping...
2023-12-09 06:39:12.702+0000 INFO  Stopped.
2023-12-09 06:39:46.780+0000 INFO  Logging config in use: File '/var/lib/neo4j/conf/user-logs.xml'
2023-12-09 06:39:46.790+0000 INFO  Starting...
2023-12-09 06:39:47.220+0000 INFO  This instance is ServerId{a20c449d} (a20c449d-1b73-40b6-93de-39a98330abea)
2023-12-09 06:39:47.538+0000 INFO  ======== Neo4j 5.14.0 ========
2023-12-09 06:39:48.124+0000 INFO  Bolt enabled on 0.0.0.0:7687.
2023-12-09 06:39:48.422+0000 INFO  HTTP enabled on 0.0.0.0:7474.
2023-12-09 06:39:48.423+0000 INFO  Remote interface available at http://localhost:7474/
2023-12-09 06:39:48.425+0000 INFO  id: 8F509F0C17E3359B036A7D6584F3272AB78054644A52C713226F0F1A06BED59B
2023-12-09 06:39:48.426+0000 INFO  name: system
2023-12-09 06:39:48.427+0000 INFO  creationDate: 2023-12-09T06:31:45.687Z
2023-12-09 06:39:48.427+0000 INFO  Started.
2023-12-09 07:07:36.548+0000 INFO  Neo4j Server shutdown initiated by request
2023-12-09 07:07:36.553+0000 INFO  Stopping...
2023-12-09 07:07:41.754+0000 INFO  Stopped.
2023-12-09 07:43:47.951+0000 INFO  Logging config in use: File '/var/lib/neo4j/conf/user-logs.xml'
2023-12-09 07:43:47.961+0000 INFO  Starting...
2023-12-09 07:43:48.415+0000 INFO  This instance is ServerId{a20c449d} (a20c449d-1b73-40b6-93de-39a98330abea)
2023-12-09 07:43:48.723+0000 INFO  ======== Neo4j 5.14.0 ========
2023-12-09 07:43:49.497+0000 INFO  Bolt enabled on 0.0.0.0:7687.
2023-12-09 07:43:49.802+0000 INFO  HTTP enabled on 0.0.0.0:7474.
2023-12-09 07:43:49.802+0000 INFO  Remote interface available at http://localhost:7474/
2023-12-09 07:43:49.804+0000 INFO  id: 8F509F0C17E3359B036A7D6584F3272AB78054644A52C713226F0F1A06BED59B
2023-12-09 07:43:49.804+0000 INFO  name: system
2023-12-09 07:43:49.805+0000 INFO  creationDate: 2023-12-09T06:31:45.687Z
2023-12-09 07:43:49.805+0000 INFO  Started.
2023-12-09 10:14:00.501+0000 INFO  Neo4j Server shutdown initiated by request
2023-12-09 10:14:00.506+0000 INFO  Stopping...
2023-12-09 10:14:05.999+0000 INFO  Stopped.
2023-12-09 14:54:18.533+0000 INFO  Logging config in use: File '/var/lib/neo4j/conf/user-logs.xml'
2023-12-09 14:54:18.547+0000 INFO  Starting...
2023-12-09 14:54:19.042+0000 INFO  This instance is ServerId{a20c449d} (a20c449d-1b73-40b6-93de-39a98330abea)
2023-12-09 14:54:19.431+0000 INFO  ======== Neo4j 5.14.0 ========
2023-12-09 14:54:20.226+0000 INFO  Bolt enabled on 0.0.0.0:7687.
2023-12-09 14:54:20.562+0000 INFO  HTTP enabled on 0.0.0.0:7474.
2023-12-09 14:54:20.562+0000 INFO  Remote interface available at http://localhost:7474/
2023-12-09 14:54:20.564+0000 INFO  id: 8F509F0C17E3359B036A7D6584F3272AB78054644A52C713226F0F1A06BED59B
2023-12-09 14:54:20.564+0000 INFO  name: system
2023-12-09 14:54:20.565+0000 INFO  creationDate: 2023-12-09T06:31:45.687Z
2023-12-09 14:54:20.565+0000 INFO  Started.
2023-12-09 17:40:13.657+0000 INFO  Neo4j Server shutdown initiated by request
2023-12-09 17:40:13.727+0000 INFO  Stopping...
2023-12-09 17:40:19.144+0000 INFO  Stopped.
2023-12-10 03:24:04.658+0000 INFO  Logging config in use: File '/var/lib/neo4j/conf/user-logs.xml'
2023-12-10 03:24:04.670+0000 INFO  Starting...
2023-12-10 03:24:05.144+0000 INFO  This instance is ServerId{a20c449d} (a20c449d-1b73-40b6-93de-39a98330abea)
2023-12-10 03:24:05.542+0000 INFO  ======== Neo4j 5.14.0 ========
2023-12-10 03:24:06.333+0000 INFO  Bolt enabled on 0.0.0.0:7687.
2023-12-10 03:24:06.676+0000 INFO  HTTP enabled on 0.0.0.0:7474.
2023-12-10 03:24:06.677+0000 INFO  Remote interface available at http://localhost:7474/
2023-12-10 03:24:06.679+0000 INFO  id: 8F509F0C17E3359B036A7D6584F3272AB78054644A52C713226F0F1A06BED59B
2023-12-10 03:24:06.679+0000 INFO  name: system
2023-12-10 03:24:06.680+0000 INFO  creationDate: 2023-12-09T06:31:45.687Z
2023-12-10 03:24:06.680+0000 INFO  Started.
2023-12-10 06:26:44.500+0000 INFO  Neo4j Server shutdown initiated by request
2023-12-10 06:26:44.502+0000 INFO  Stopping...
2023-12-10 06:26:49.690+0000 INFO  Stopped.
2023-12-10 06:27:52.902+0000 INFO  Logging config in use: File '/var/lib/neo4j/conf/user-logs.xml'
2023-12-10 06:27:52.913+0000 INFO  Starting...
2023-12-10 06:27:53.374+0000 INFO  This instance is ServerId{a20c449d} (a20c449d-1b73-40b6-93de-39a98330abea)
2023-12-10 06:27:53.740+0000 INFO  ======== Neo4j 5.14.0 ========
2023-12-10 06:27:54.515+0000 INFO  Bolt enabled on 0.0.0.0:7687.
2023-12-10 06:27:54.828+0000 INFO  HTTP enabled on 0.0.0.0:7474.
2023-12-10 06:27:54.829+0000 INFO  Remote interface available at http://localhost:7474/
2023-12-10 06:27:54.831+0000 INFO  id: 8F509F0C17E3359B036A7D6584F3272AB78054644A52C713226F0F1A06BED59B
2023-12-10 06:27:54.831+0000 INFO  name: system
2023-12-10 06:27:54.831+0000 INFO  creationDate: 2023-12-09T06:31:45.687Z
2023-12-10 06:27:54.832+0000 INFO  Started.
2023-12-10 06:34:48.072+0000 INFO  Neo4j Server shutdown initiated by request
2023-12-10 06:34:48.074+0000 INFO  Stopping...
2023-12-10 06:34:53.249+0000 INFO  Stopped.
2023-12-10 06:35:17.325+0000 INFO  Logging config in use: File '/var/lib/neo4j/conf/user-logs.xml'
2023-12-10 06:35:17.339+0000 INFO  Starting...
2023-12-10 06:35:17.862+0000 INFO  This instance is ServerId{a20c449d} (a20c449d-1b73-40b6-93de-39a98330abea)
2023-12-10 06:35:18.246+0000 INFO  ======== Neo4j 5.14.0 ========
2023-12-10 06:35:18.972+0000 INFO  Bolt enabled on 0.0.0.0:7687.
2023-12-10 06:35:19.336+0000 INFO  HTTP enabled on 0.0.0.0:7474.
2023-12-10 06:35:19.337+0000 INFO  Remote interface available at http://localhost:7474/
2023-12-10 06:35:19.339+0000 INFO  id: 8F509F0C17E3359B036A7D6584F3272AB78054644A52C713226F0F1A06BED59B
2023-12-10 06:35:19.340+0000 INFO  name: system
2023-12-10 06:35:19.340+0000 INFO  creationDate: 2023-12-09T06:31:45.687Z
2023-12-10 06:35:19.341+0000 INFO  Started.
2023-12-10 06:36:51.981+0000 INFO  Neo4j Server shutdown initiated by request
2023-12-10 06:36:51.983+0000 INFO  Stopping...
2023-12-10 06:36:57.142+0000 INFO  Stopped.
2023-12-10 06:37:09.861+0000 INFO  Logging config in use: File '/var/lib/neo4j/conf/user-logs.xml'
2023-12-10 06:37:09.872+0000 INFO  Starting...
2023-12-10 06:37:10.308+0000 INFO  This instance is ServerId{a20c449d} (a20c449d-1b73-40b6-93de-39a98330abea)
2023-12-10 06:37:10.626+0000 INFO  ======== Neo4j 5.14.0 ========
2023-12-10 06:37:11.214+0000 INFO  Bolt enabled on 0.0.0.0:7687.
2023-12-10 06:37:11.511+0000 INFO  HTTP enabled on 0.0.0.0:7474.
2023-12-10 06:37:11.511+0000 INFO  Remote interface available at http://localhost:7474/
2023-12-10 06:37:11.513+0000 INFO  id: 8F509F0C17E3359B036A7D6584F3272AB78054644A52C713226F0F1A06BED59B
2023-12-10 06:37:11.513+0000 INFO  name: system
2023-12-10 06:37:11.514+0000 INFO  creationDate: 2023-12-09T06:31:45.687Z
2023-12-10 06:37:11.514+0000 INFO  Started.
2023-12-10 06:58:32.656+0000 INFO  Neo4j Server shutdown initiated by request
2023-12-10 06:58:32.658+0000 INFO  Stopping...
2023-12-10 06:58:37.856+0000 INFO  Stopped.
2023-12-10 06:58:51.608+0000 INFO  Logging config in use: File '/var/lib/neo4j/conf/user-logs.xml'
2023-12-10 06:58:51.619+0000 INFO  Starting...
2023-12-10 06:58:52.059+0000 INFO  This instance is ServerId{a20c449d} (a20c449d-1b73-40b6-93de-39a98330abea)
2023-12-10 06:58:52.376+0000 INFO  ======== Neo4j 5.14.0 ========
2023-12-10 06:58:53.016+0000 INFO  Bolt enabled on 0.0.0.0:7687.
2023-12-10 06:58:53.330+0000 INFO  HTTP enabled on 0.0.0.0:7474.
2023-12-10 06:58:53.331+0000 INFO  Remote interface available at http://localhost:7474/
2023-12-10 06:58:53.333+0000 INFO  id: 8F509F0C17E3359B036A7D6584F3272AB78054644A52C713226F0F1A06BED59B
2023-12-10 06:58:53.334+0000 INFO  name: system
2023-12-10 06:58:53.334+0000 INFO  creationDate: 2023-12-09T06:31:45.687Z
2023-12-10 06:58:53.335+0000 INFO  Started.
2023-12-10 07:05:35.737+0000 INFO  Neo4j Server shutdown initiated by request
2023-12-10 07:05:35.739+0000 INFO  Stopping...
2023-12-10 07:05:40.992+0000 INFO  Stopped.
2023-12-10 07:06:35.140+0000 INFO  Logging config in use: File '/var/lib/neo4j/conf/user-logs.xml'
2023-12-10 07:06:35.149+0000 INFO  Starting...
2023-12-10 07:06:35.631+0000 INFO  This instance is ServerId{a20c449d} (a20c449d-1b73-40b6-93de-39a98330abea)
2023-12-10 07:06:35.959+0000 INFO  ======== Neo4j 5.14.0 ========
2023-12-10 07:06:36.578+0000 INFO  Bolt enabled on 0.0.0.0:7687.
2023-12-10 07:06:36.887+0000 INFO  HTTP enabled on 0.0.0.0:7474.
2023-12-10 07:06:36.888+0000 INFO  Remote interface available at http://localhost:7474/
2023-12-10 07:06:36.890+0000 INFO  id: 8F509F0C17E3359B036A7D6584F3272AB78054644A52C713226F0F1A06BED59B
2023-12-10 07:06:36.890+0000 INFO  name: system
2023-12-10 07:06:36.891+0000 INFO  creationDate: 2023-12-09T06:31:45.687Z
2023-12-10 07:06:36.891+0000 INFO  Started.
2023-12-10 07:09:19.224+0000 INFO  Neo4j Server shutdown initiated by request
2023-12-10 07:09:19.226+0000 INFO  Stopping...
2023-12-10 07:09:24.427+0000 INFO  Stopped.
2023-12-10 07:09:36.665+0000 INFO  Logging config in use: File '/var/lib/neo4j/conf/user-logs.xml'
2023-12-10 07:09:36.676+0000 INFO  Starting...
2023-12-10 07:09:37.118+0000 INFO  This instance is ServerId{a20c449d} (a20c449d-1b73-40b6-93de-39a98330abea)
2023-12-10 07:09:37.434+0000 INFO  ======== Neo4j 5.14.0 ========
2023-12-10 07:09:38.039+0000 INFO  Bolt enabled on 0.0.0.0:7687.
2023-12-10 07:09:38.334+0000 INFO  HTTP enabled on 0.0.0.0:7474.
2023-12-10 07:09:38.335+0000 INFO  Remote interface available at http://localhost:7474/
2023-12-10 07:09:38.337+0000 INFO  id: 8F509F0C17E3359B036A7D6584F3272AB78054644A52C713226F0F1A06BED59B
2023-12-10 07:09:38.338+0000 INFO  name: system
2023-12-10 07:09:38.339+0000 INFO  creationDate: 2023-12-09T06:31:45.687Z
2023-12-10 07:09:38.339+0000 INFO  Started.
2023-12-10 07:15:25.414+0000 INFO  Neo4j Server shutdown initiated by request
2023-12-10 07:15:25.416+0000 INFO  Stopping...
2023-12-10 07:15:30.625+0000 INFO  Stopped.
2023-12-10 07:29:19.991+0000 INFO  Logging config in use: File '/var/lib/neo4j/conf/user-logs.xml'
2023-12-10 07:29:20.001+0000 INFO  Starting...
2023-12-10 07:29:20.438+0000 INFO  This instance is ServerId{a20c449d} (a20c449d-1b73-40b6-93de-39a98330abea)
2023-12-10 07:29:20.755+0000 INFO  ======== Neo4j 5.14.0 ========
2023-12-10 07:29:21.519+0000 INFO  Bolt enabled on 0.0.0.0:7687.
2023-12-10 07:29:21.822+0000 INFO  HTTP enabled on 0.0.0.0:7474.
2023-12-10 07:29:21.823+0000 INFO  Remote interface available at http://localhost:7474/
2023-12-10 07:29:21.825+0000 INFO  id: 8F509F0C17E3359B036A7D6584F3272AB78054644A52C713226F0F1A06BED59B
2023-12-10 07:29:21.826+0000 INFO  name: system
2023-12-10 07:29:21.826+0000 INFO  creationDate: 2023-12-09T06:31:45.687Z
2023-12-10 07:29:21.827+0000 INFO  Started.
2023-12-10 07:30:40.498+0000 INFO  Neo4j Server shutdown initiated by request
2023-12-10 07:30:40.500+0000 INFO  Stopping...
2023-12-10 07:30:45.697+0000 INFO  Stopped.
2023-12-10 07:31:01.429+0000 INFO  Logging config in use: File '/var/lib/neo4j/conf/user-logs.xml'
2023-12-10 07:31:01.438+0000 INFO  Starting...
2023-12-10 07:31:01.895+0000 INFO  This instance is ServerId{a20c449d} (a20c449d-1b73-40b6-93de-39a98330abea)
2023-12-10 07:31:02.226+0000 INFO  ======== Neo4j 5.14.0 ========
2023-12-10 07:31:02.819+0000 INFO  Bolt enabled on 0.0.0.0:7687.
2023-12-10 07:31:03.121+0000 INFO  HTTP enabled on 0.0.0.0:7474.
2023-12-10 07:31:03.122+0000 INFO  Remote interface available at http://localhost:7474/
2023-12-10 07:31:03.124+0000 INFO  id: 8F509F0C17E3359B036A7D6584F3272AB78054644A52C713226F0F1A06BED59B
2023-12-10 07:31:03.124+0000 INFO  name: system
2023-12-10 07:31:03.125+0000 INFO  creationDate: 2023-12-09T06:31:45.687Z
2023-12-10 07:31:03.126+0000 INFO  Started.
2023-12-10 07:59:41.494+0000 INFO  Neo4j Server shutdown initiated by request
2023-12-10 07:59:41.542+0000 INFO  Stopping...
2023-12-10 07:59:46.746+0000 INFO  Stopped.
2023-12-10 08:00:34.902+0000 INFO  Logging config in use: File '/var/lib/neo4j/conf/user-logs.xml'
2023-12-10 08:00:34.912+0000 INFO  Starting...
2023-12-10 08:00:35.369+0000 INFO  This instance is ServerId{a20c449d} (a20c449d-1b73-40b6-93de-39a98330abea)
2023-12-10 08:00:35.747+0000 INFO  ======== Neo4j 5.14.0 ========
2023-12-10 08:00:36.367+0000 INFO  Bolt enabled on 0.0.0.0:7687.
2023-12-10 08:00:36.684+0000 INFO  HTTP enabled on 0.0.0.0:7474.
2023-12-10 08:00:36.685+0000 INFO  Remote interface available at http://localhost:7474/
2023-12-10 08:00:36.687+0000 INFO  id: 8F509F0C17E3359B036A7D6584F3272AB78054644A52C713226F0F1A06BED59B
2023-12-10 08:00:36.687+0000 INFO  name: system
2023-12-10 08:00:36.688+0000 INFO  creationDate: 2023-12-09T06:31:45.687Z
2023-12-10 08:00:36.688+0000 INFO  Started.
2023-12-10 08:03:54.021+0000 INFO  Neo4j Server shutdown initiated by request
2023-12-10 08:03:54.022+0000 INFO  Stopping...
2023-12-10 08:03:59.220+0000 INFO  Stopped.
2023-12-10 08:04:40.838+0000 INFO  Logging config in use: File '/var/lib/neo4j/conf/user-logs.xml'
2023-12-10 08:04:40.848+0000 INFO  Starting...
2023-12-10 08:04:41.282+0000 INFO  This instance is ServerId{a20c449d} (a20c449d-1b73-40b6-93de-39a98330abea)
2023-12-10 08:04:41.597+0000 INFO  ======== Neo4j 5.14.0 ========
2023-12-10 08:04:42.222+0000 INFO  Bolt enabled on 0.0.0.0:7687.
2023-12-10 08:04:42.530+0000 INFO  HTTP enabled on 0.0.0.0:7474.
2023-12-10 08:04:42.531+0000 INFO  Remote interface available at http://localhost:7474/
2023-12-10 08:04:42.533+0000 INFO  id: 8F509F0C17E3359B036A7D6584F3272AB78054644A52C713226F0F1A06BED59B
2023-12-10 08:04:42.534+0000 INFO  name: system
2023-12-10 08:04:42.534+0000 INFO  creationDate: 2023-12-09T06:31:45.687Z
2023-12-10 08:04:42.535+0000 INFO  Started.
2023-12-10 08:08:00.119+0000 INFO  Neo4j Server shutdown initiated by request
2023-12-10 08:08:00.121+0000 INFO  Stopping...
2023-12-10 08:08:05.354+0000 INFO  Stopped.
2023-12-10 08:08:20.156+0000 INFO  Logging config in use: File '/var/lib/neo4j/conf/user-logs.xml'
2023-12-10 08:08:20.167+0000 INFO  Starting...
2023-12-10 08:08:20.603+0000 INFO  This instance is ServerId{a20c449d} (a20c449d-1b73-40b6-93de-39a98330abea)
2023-12-10 08:08:20.933+0000 INFO  ======== Neo4j 5.14.0 ========
2023-12-10 08:08:21.560+0000 INFO  Bolt enabled on 0.0.0.0:7687.
2023-12-10 08:08:21.868+0000 INFO  HTTP enabled on 0.0.0.0:7474.
2023-12-10 08:08:21.869+0000 INFO  Remote interface available at http://localhost:7474/
2023-12-10 08:08:21.870+0000 INFO  id: 8F509F0C17E3359B036A7D6584F3272AB78054644A52C713226F0F1A06BED59B
2023-12-10 08:08:21.871+0000 INFO  name: system
2023-12-10 08:08:21.871+0000 INFO  creationDate: 2023-12-09T06:31:45.687Z
2023-12-10 08:08:21.872+0000 INFO  Started.
2023-12-10 08:11:39.492+0000 INFO  Neo4j Server shutdown initiated by request
2023-12-10 08:11:39.496+0000 INFO  Stopping...
2023-12-10 08:11:44.703+0000 INFO  Stopped.
2023-12-10 08:12:09.309+0000 INFO  Logging config in use: File '/var/lib/neo4j/conf/user-logs.xml'
2023-12-10 08:12:09.319+0000 INFO  Starting...
2023-12-10 08:12:09.759+0000 INFO  This instance is ServerId{a20c449d} (a20c449d-1b73-40b6-93de-39a98330abea)
2023-12-10 08:12:10.082+0000 INFO  ======== Neo4j 5.14.0 ========
2023-12-10 08:12:10.672+0000 INFO  Bolt enabled on 0.0.0.0:7687.
2023-12-10 08:12:10.965+0000 INFO  HTTP enabled on 0.0.0.0:7474.
2023-12-10 08:12:10.966+0000 INFO  Remote interface available at http://localhost:7474/
2023-12-10 08:12:10.968+0000 INFO  id: 8F509F0C17E3359B036A7D6584F3272AB78054644A52C713226F0F1A06BED59B
2023-12-10 08:12:10.969+0000 INFO  name: system
2023-12-10 08:12:10.970+0000 INFO  creationDate: 2023-12-09T06:31:45.687Z
2023-12-10 08:12:10.970+0000 INFO  Started.
2023-12-10 08:16:54.867+0000 INFO  Neo4j Server shutdown initiated by request
2023-12-10 08:16:54.869+0000 INFO  Stopping...
2023-12-10 08:17:00.077+0000 INFO  Stopped.
2023-12-10 08:17:22.325+0000 INFO  Logging config in use: File '/var/lib/neo4j/conf/user-logs.xml'
2023-12-10 08:17:22.335+0000 INFO  Starting...
2023-12-10 08:17:22.815+0000 INFO  This instance is ServerId{a20c449d} (a20c449d-1b73-40b6-93de-39a98330abea)
2023-12-10 08:17:23.129+0000 INFO  ======== Neo4j 5.14.0 ========
2023-12-10 08:17:23.734+0000 INFO  Bolt enabled on 0.0.0.0:7687.
2023-12-10 08:17:24.035+0000 INFO  HTTP enabled on 0.0.0.0:7474.
2023-12-10 08:17:24.036+0000 INFO  Remote interface available at http://localhost:7474/
2023-12-10 08:17:24.038+0000 INFO  id: 8F509F0C17E3359B036A7D6584F3272AB78054644A52C713226F0F1A06BED59B
2023-12-10 08:17:24.039+0000 INFO  name: system
2023-12-10 08:17:24.039+0000 INFO  creationDate: 2023-12-09T06:31:45.687Z
2023-12-10 08:17:24.040+0000 INFO  Started.
2023-12-10 08:18:23.811+0000 INFO  Neo4j Server shutdown initiated by request
2023-12-10 08:18:23.813+0000 INFO  Stopping...
2023-12-10 08:18:29.033+0000 INFO  Stopped.
2023-12-10 08:19:43.275+0000 INFO  Logging config in use: File '/var/lib/neo4j/conf/user-logs.xml'
2023-12-10 08:19:43.285+0000 INFO  Starting...
2023-12-10 08:19:43.726+0000 INFO  This instance is ServerId{a20c449d} (a20c449d-1b73-40b6-93de-39a98330abea)
2023-12-10 08:19:44.045+0000 INFO  ======== Neo4j 5.14.0 ========
2023-12-10 08:19:44.660+0000 INFO  Bolt enabled on 0.0.0.0:7687.
2023-12-10 08:19:44.960+0000 INFO  HTTP enabled on 0.0.0.0:7474.
2023-12-10 08:19:44.961+0000 INFO  Remote interface available at http://localhost:7474/
2023-12-10 08:19:44.963+0000 INFO  id: 8F509F0C17E3359B036A7D6584F3272AB78054644A52C713226F0F1A06BED59B
2023-12-10 08:19:44.963+0000 INFO  name: system
2023-12-10 08:19:44.964+0000 INFO  creationDate: 2023-12-09T06:31:45.687Z
2023-12-10 08:19:44.964+0000 INFO  Started.
2023-12-10 08:22:32.620+0000 INFO  Neo4j Server shutdown initiated by request
2023-12-10 08:22:32.623+0000 INFO  Stopping...
2023-12-10 08:22:37.856+0000 INFO  Stopped.
2023-12-10 08:23:45.719+0000 INFO  Logging config in use: File '/var/lib/neo4j/conf/user-logs.xml'
2023-12-10 08:23:45.729+0000 INFO  Starting...
2023-12-10 08:23:46.171+0000 INFO  This instance is ServerId{a20c449d} (a20c449d-1b73-40b6-93de-39a98330abea)
2023-12-10 08:23:46.486+0000 INFO  ======== Neo4j 5.14.0 ========
2023-12-10 08:23:47.092+0000 INFO  Bolt enabled on 0.0.0.0:7687.
2023-12-10 08:23:47.400+0000 INFO  HTTP enabled on 0.0.0.0:7474.
2023-12-10 08:23:47.401+0000 INFO  Remote interface available at http://localhost:7474/
2023-12-10 08:23:47.403+0000 INFO  id: 8F509F0C17E3359B036A7D6584F3272AB78054644A52C713226F0F1A06BED59B
2023-12-10 08:23:47.403+0000 INFO  name: system
2023-12-10 08:23:47.404+0000 INFO  creationDate: 2023-12-09T06:31:45.687Z
2023-12-10 08:23:47.404+0000 INFO  Started.
2023-12-10 08:26:56.521+0000 INFO  Neo4j Server shutdown initiated by request
2023-12-10 08:26:56.527+0000 INFO  Stopping...
2023-12-10 08:27:01.737+0000 INFO  Stopped.
2023-12-10 08:27:27.534+0000 INFO  Logging config in use: File '/var/lib/neo4j/conf/user-logs.xml'
2023-12-10 08:27:27.543+0000 INFO  Starting...
2023-12-10 08:27:27.970+0000 INFO  This instance is ServerId{a20c449d} (a20c449d-1b73-40b6-93de-39a98330abea)
2023-12-10 08:27:28.285+0000 INFO  ======== Neo4j 5.14.0 ========
2023-12-10 08:27:28.879+0000 INFO  Bolt enabled on 0.0.0.0:7687.
2023-12-10 08:27:29.182+0000 INFO  HTTP enabled on 0.0.0.0:7474.
2023-12-10 08:27:29.184+0000 INFO  Remote interface available at http://localhost:7474/
2023-12-10 08:27:29.186+0000 INFO  id: 8F509F0C17E3359B036A7D6584F3272AB78054644A52C713226F0F1A06BED59B
2023-12-10 08:27:29.186+0000 INFO  name: system
2023-12-10 08:27:29.187+0000 INFO  creationDate: 2023-12-09T06:31:45.687Z
2023-12-10 08:27:29.188+0000 INFO  Started.
2023-12-10 08:38:58.929+0000 INFO  Neo4j Server shutdown initiated by request
2023-12-10 08:38:58.931+0000 INFO  Stopping...
2023-12-10 08:39:04.134+0000 INFO  Stopped.
2023-12-10 08:39:32.155+0000 INFO  Logging config in use: File '/var/lib/neo4j/conf/user-logs.xml'
2023-12-10 08:39:32.165+0000 INFO  Starting...
2023-12-10 08:39:32.614+0000 INFO  This instance is ServerId{a20c449d} (a20c449d-1b73-40b6-93de-39a98330abea)
2023-12-10 08:39:32.930+0000 INFO  ======== Neo4j 5.14.0 ========
2023-12-10 08:39:33.662+0000 INFO  Bolt enabled on 0.0.0.0:7687.
2023-12-10 08:39:34.000+0000 INFO  HTTP enabled on 0.0.0.0:7474.
2023-12-10 08:39:34.001+0000 INFO  Remote interface available at http://localhost:7474/
2023-12-10 08:39:34.003+0000 INFO  id: 8F509F0C17E3359B036A7D6584F3272AB78054644A52C713226F0F1A06BED59B
2023-12-10 08:39:34.003+0000 INFO  name: system
2023-12-10 08:39:34.004+0000 INFO  creationDate: 2023-12-09T06:31:45.687Z
2023-12-10 08:39:34.004+0000 INFO  Started.
2023-12-10 08:41:06.408+0000 INFO  Neo4j Server shutdown initiated by request
2023-12-10 08:41:06.410+0000 INFO  Stopping...
2023-12-10 08:41:11.617+0000 INFO  Stopped.
2023-12-10 08:41:30.293+0000 INFO  Logging config in use: File '/var/lib/neo4j/conf/user-logs.xml'
2023-12-10 08:41:30.302+0000 INFO  Starting...
2023-12-10 08:41:30.742+0000 INFO  This instance is ServerId{a20c449d} (a20c449d-1b73-40b6-93de-39a98330abea)
2023-12-10 08:41:31.059+0000 INFO  ======== Neo4j 5.14.0 ========
2023-12-10 08:41:31.662+0000 INFO  Bolt enabled on 0.0.0.0:7687.
2023-12-10 08:41:31.957+0000 INFO  HTTP enabled on 0.0.0.0:7474.
2023-12-10 08:41:31.958+0000 INFO  Remote interface available at http://localhost:7474/
2023-12-10 08:41:31.960+0000 INFO  id: 8F509F0C17E3359B036A7D6584F3272AB78054644A52C713226F0F1A06BED59B
2023-12-10 08:41:31.960+0000 INFO  name: system
2023-12-10 08:41:31.961+0000 INFO  creationDate: 2023-12-09T06:31:45.687Z
2023-12-10 08:41:31.961+0000 INFO  Started.
2023-12-10 08:48:24.302+0000 INFO  Neo4j Server shutdown initiated by request
2023-12-10 08:48:24.336+0000 INFO  Stopping...
2023-12-10 08:48:29.531+0000 INFO  Stopped.
2023-12-10 08:48:46.159+0000 INFO  Logging config in use: File '/var/lib/neo4j/conf/user-logs.xml'
2023-12-10 08:48:46.170+0000 INFO  Starting...
2023-12-10 08:48:46.606+0000 INFO  This instance is ServerId{a20c449d} (a20c449d-1b73-40b6-93de-39a98330abea)
2023-12-10 08:48:46.928+0000 INFO  ======== Neo4j 5.14.0 ========
2023-12-10 08:48:47.564+0000 INFO  Bolt enabled on 0.0.0.0:7687.
2023-12-10 08:48:47.875+0000 INFO  HTTP enabled on 0.0.0.0:7474.
2023-12-10 08:48:47.876+0000 INFO  Remote interface available at http://localhost:7474/
2023-12-10 08:48:47.878+0000 INFO  id: 8F509F0C17E3359B036A7D6584F3272AB78054644A52C713226F0F1A06BED59B
2023-12-10 08:48:47.878+0000 INFO  name: system
2023-12-10 08:48:47.879+0000 INFO  creationDate: 2023-12-09T06:31:45.687Z
2023-12-10 08:48:47.879+0000 INFO  Started.
2023-12-10 08:50:55.559+0000 INFO  Neo4j Server shutdown initiated by request
2023-12-10 08:50:55.561+0000 INFO  Stopping...
2023-12-10 08:51:00.778+0000 INFO  Stopped.
2023-12-10 08:51:18.089+0000 INFO  Logging config in use: File '/var/lib/neo4j/conf/user-logs.xml'
2023-12-10 08:51:18.098+0000 INFO  Starting...
2023-12-10 08:51:18.533+0000 INFO  This instance is ServerId{a20c449d} (a20c449d-1b73-40b6-93de-39a98330abea)
2023-12-10 08:51:18.851+0000 INFO  ======== Neo4j 5.14.0 ========
2023-12-10 08:51:19.455+0000 INFO  Bolt enabled on 0.0.0.0:7687.
2023-12-10 08:51:19.751+0000 INFO  HTTP enabled on 0.0.0.0:7474.
2023-12-10 08:51:19.752+0000 INFO  Remote interface available at http://localhost:7474/
2023-12-10 08:51:19.754+0000 INFO  id: 8F509F0C17E3359B036A7D6584F3272AB78054644A52C713226F0F1A06BED59B
2023-12-10 08:51:19.754+0000 INFO  name: system
2023-12-10 08:51:19.755+0000 INFO  creationDate: 2023-12-09T06:31:45.687Z
2023-12-10 08:51:19.755+0000 INFO  Started.
2023-12-10 08:52:40.987+0000 INFO  Neo4j Server shutdown initiated by request
2023-12-10 08:52:40.988+0000 INFO  Stopping...
2023-12-10 08:52:46.191+0000 INFO  Stopped.
2023-12-10 08:53:33.465+0000 INFO  Logging config in use: File '/var/lib/neo4j/conf/user-logs.xml'
2023-12-10 08:53:33.475+0000 INFO  Starting...
2023-12-10 08:53:33.899+0000 INFO  This instance is ServerId{a20c449d} (a20c449d-1b73-40b6-93de-39a98330abea)
2023-12-10 08:53:34.215+0000 INFO  ======== Neo4j 5.14.0 ========
2023-12-10 08:53:34.828+0000 INFO  Bolt enabled on 0.0.0.0:7687.
2023-12-10 08:53:35.144+0000 INFO  HTTP enabled on 0.0.0.0:7474.
2023-12-10 08:53:35.145+0000 INFO  Remote interface available at http://localhost:7474/
2023-12-10 08:53:35.147+0000 INFO  id: 8F509F0C17E3359B036A7D6584F3272AB78054644A52C713226F0F1A06BED59B
2023-12-10 08:53:35.147+0000 INFO  name: system
2023-12-10 08:53:35.148+0000 INFO  creationDate: 2023-12-09T06:31:45.687Z
2023-12-10 08:53:35.148+0000 INFO  Started.
2023-12-10 09:05:20.269+0000 INFO  Neo4j Server shutdown initiated by request
2023-12-10 09:05:20.274+0000 INFO  Stopping...
2023-12-10 09:05:25.481+0000 INFO  Stopped.
